CRITICAL - 2023-09-28 00:24:01 --> Call to undefined function set_value()
in APPPATH\Views\logIn.php on line 22.
 1 SYSTEMPATH\View\View.php(226): include()
 2 SYSTEMPATH\View\View.php(229): CodeIgniter\View\View->CodeIgniter\View\{closure}()
 3 SYSTEMPATH\Common.php(1188): CodeIgniter\View\View->render('login', [], true)
 4 APPPATH\Controllers\UserController.php(42): view('login')
 5 SYSTEMPATH\CodeIgniter.php(919): App\Controllers\UserController->login()
 6 SYSTEMPATH\CodeIgniter.php(494): CodeIgniter\CodeIgniter->runController(Object(App\Controllers\UserController))
 7 SYSTEMPATH\CodeIgniter.php(353): CodeIgniter\CodeIgniter->handleRequest(null, Object(Config\Cache), false)
 8 FCPATH\index.php(79): CodeIgniter\CodeIgniter->run()
 9 SYSTEMPATH\Commands\Server\rewrite.php(47): require_once('C:\\laragon\\www\\LAB_3\\public\\index.php')
CRITICAL - 2023-09-28 00:29:31 --> Call to undefined function set_value()
in APPPATH\Views\signin.php on line 21.
 1 SYSTEMPATH\View\View.php(226): include()
 2 SYSTEMPATH\View\View.php(229): CodeIgniter\View\View->CodeIgniter\View\{closure}()
 3 SYSTEMPATH\Common.php(1188): CodeIgniter\View\View->render('signin', [], true)
 4 APPPATH\Controllers\UserController.php(46): view('signin')
 5 SYSTEMPATH\CodeIgniter.php(919): App\Controllers\UserController->signin()
 6 SYSTEMPATH\CodeIgniter.php(494): CodeIgniter\CodeIgniter->runController(Object(App\Controllers\UserController))
 7 SYSTEMPATH\CodeIgniter.php(353): CodeIgniter\CodeIgniter->handleRequest(null, Object(Config\Cache), false)
 8 FCPATH\index.php(79): CodeIgniter\CodeIgniter->run()
 9 SYSTEMPATH\Commands\Server\rewrite.php(47): require_once('C:\\laragon\\www\\LAB_3\\public\\index.php')
