CRITICAL - 2023-09-28 10:29:23 --> syntax error, unexpected end of file
in APPPATH\Views\table_data.php on line 395.
 1 SYSTEMPATH\View\View.php(229): CodeIgniter\View\View->CodeIgniter\View\{closure}()
 2 SYSTEMPATH\Common.php(1188): CodeIgniter\View\View->render('table_data', [], true)
 3 APPPATH\Controllers\AdminController.php(11): view('table_data')
 4 SYSTEMPATH\CodeIgniter.php(919): App\Controllers\AdminController->table_data()
 5 SYSTEMPATH\CodeIgniter.php(494): CodeIgniter\CodeIgniter->runController(Object(App\Controllers\AdminController))
 6 SYSTEMPATH\CodeIgniter.php(353): CodeIgniter\CodeIgniter->handleRequest(null, Object(Config\Cache), false)
 7 FCPATH\index.php(79): CodeIgniter\CodeIgniter->run()
 8 SYSTEMPATH\Commands\Server\rewrite.php(47): require_once('C:\\laragon\\www\\LAB_3\\ecommerce\\CI\\public\\index.php')
CRITICAL - 2023-09-28 10:30:57 --> syntax error, unexpected end of file
in APPPATH\Views\table_data.php on line 391.
 1 SYSTEMPATH\View\View.php(229): CodeIgniter\View\View->CodeIgniter\View\{closure}()
 2 SYSTEMPATH\Common.php(1188): CodeIgniter\View\View->render('table_data', [], true)
 3 APPPATH\Controllers\AdminController.php(11): view('table_data')
 4 SYSTEMPATH\CodeIgniter.php(919): App\Controllers\AdminController->table_data()
 5 SYSTEMPATH\CodeIgniter.php(494): CodeIgniter\CodeIgniter->runController(Object(App\Controllers\AdminController))
 6 SYSTEMPATH\CodeIgniter.php(353): CodeIgniter\CodeIgniter->handleRequest(null, Object(Config\Cache), false)
 7 FCPATH\index.php(79): CodeIgniter\CodeIgniter->run()
 8 SYSTEMPATH\Commands\Server\rewrite.php(47): require_once('C:\\laragon\\www\\LAB_3\\ecommerce\\CI\\public\\index.php')
CRITICAL - 2023-09-28 10:33:28 --> Undefined variable $market
in APPPATH\Views\table_data.php on line 300.
 1 APPPATH\Views\table_data.php(300): CodeIgniter\Debug\Exceptions->errorHandler(2, 'Undefined variable $market', 'C:\\laragon\\www\\LAB_3\\ecommerce\\CI\\app\\Views\\table_data.php', 300)
 2 SYSTEMPATH\View\View.php(226): include('C:\\laragon\\www\\LAB_3\\ecommerce\\CI\\app\\Views\\table_data.php')
 3 SYSTEMPATH\View\View.php(229): CodeIgniter\View\View->CodeIgniter\View\{closure}()
 4 SYSTEMPATH\Common.php(1188): CodeIgniter\View\View->render('table_data', [], true)
 5 APPPATH\Controllers\AdminController.php(11): view('table_data')
 6 SYSTEMPATH\CodeIgniter.php(919): App\Controllers\AdminController->table_data()
 7 SYSTEMPATH\CodeIgniter.php(494): CodeIgniter\CodeIgniter->runController(Object(App\Controllers\AdminController))
 8 SYSTEMPATH\CodeIgniter.php(353): CodeIgniter\CodeIgniter->handleRequest(null, Object(Config\Cache), false)
 9 FCPATH\index.php(79): CodeIgniter\CodeIgniter->run()
10 SYSTEMPATH\Commands\Server\rewrite.php(47): require_once('C:\\laragon\\www\\LAB_3\\ecommerce\\CI\\public\\index.php')
CRITICAL - 2023-09-28 10:51:00 --> Undefined variable $products
in APPPATH\Views\table_data.php on line 300.
 1 APPPATH\Views\table_data.php(300): CodeIgniter\Debug\Exceptions->errorHandler(2, 'Undefined variable $products', 'C:\\laragon\\www\\LAB_3\\ecommerce\\CI\\app\\Views\\table_data.php', 300)
 2 SYSTEMPATH\View\View.php(226): include('C:\\laragon\\www\\LAB_3\\ecommerce\\CI\\app\\Views\\table_data.php')
 3 SYSTEMPATH\View\View.php(229): CodeIgniter\View\View->CodeIgniter\View\{closure}()
 4 SYSTEMPATH\Common.php(1188): CodeIgniter\View\View->render('table_data', [], true)
 5 APPPATH\Controllers\AdminController.php(11): view('table_data')
 6 SYSTEMPATH\CodeIgniter.php(919): App\Controllers\AdminController->table_data()
 7 SYSTEMPATH\CodeIgniter.php(494): CodeIgniter\CodeIgniter->runController(Object(App\Controllers\AdminController))
 8 SYSTEMPATH\CodeIgniter.php(353): CodeIgniter\CodeIgniter->handleRequest(null, Object(Config\Cache), false)
 9 FCPATH\index.php(79): CodeIgniter\CodeIgniter->run()
10 SYSTEMPATH\Commands\Server\rewrite.php(47): require_once('C:\\laragon\\www\\LAB_3\\ecommerce\\CI\\public\\index.php')
CRITICAL - 2023-09-28 10:54:24 --> Undefined variable $p
in APPPATH\Views\table_data.php on line 301.
 1 APPPATH\Views\table_data.php(301): CodeIgniter\Debug\Exceptions->errorHandler(2, 'Undefined variable $p', 'C:\\laragon\\www\\LAB_3\\ecommerce\\CI\\app\\Views\\table_data.php', 301)
 2 SYSTEMPATH\View\View.php(226): include('C:\\laragon\\www\\LAB_3\\ecommerce\\CI\\app\\Views\\table_data.php')
 3 SYSTEMPATH\View\View.php(229): CodeIgniter\View\View->CodeIgniter\View\{closure}()
 4 SYSTEMPATH\Common.php(1188): CodeIgniter\View\View->render('table_data', [], true)
 5 APPPATH\Controllers\AdminController.php(11): view('table_data')
 6 SYSTEMPATH\CodeIgniter.php(919): App\Controllers\AdminController->table_data()
 7 SYSTEMPATH\CodeIgniter.php(494): CodeIgniter\CodeIgniter->runController(Object(App\Controllers\AdminController))
 8 SYSTEMPATH\CodeIgniter.php(353): CodeIgniter\CodeIgniter->handleRequest(null, Object(Config\Cache), false)
 9 FCPATH\index.php(79): CodeIgniter\CodeIgniter->run()
10 SYSTEMPATH\Commands\Server\rewrite.php(47): require_once('C:\\laragon\\www\\LAB_3\\ecommerce\\CI\\public\\index.php')
CRITICAL - 2023-09-28 11:03:30 --> Undefined variable $product
in APPPATH\Views\table_data.php on line 303.
 1 APPPATH\Views\table_data.php(303): CodeIgniter\Debug\Exceptions->errorHandler(2, 'Undefined variable $product', 'C:\\laragon\\www\\LAB_3\\ecommerce\\CI\\app\\Views\\table_data.php', 303)
 2 SYSTEMPATH\View\View.php(226): include('C:\\laragon\\www\\LAB_3\\ecommerce\\CI\\app\\Views\\table_data.php')
 3 SYSTEMPATH\View\View.php(229): CodeIgniter\View\View->CodeIgniter\View\{closure}()
 4 SYSTEMPATH\Common.php(1188): CodeIgniter\View\View->render('table_data', [], true)
 5 APPPATH\Controllers\AdminController.php(12): view('table_data')
 6 SYSTEMPATH\CodeIgniter.php(919): App\Controllers\AdminController->table_data()
 7 SYSTEMPATH\CodeIgniter.php(494): CodeIgniter\CodeIgniter->runController(Object(App\Controllers\AdminController))
 8 SYSTEMPATH\CodeIgniter.php(353): CodeIgniter\CodeIgniter->handleRequest(null, Object(Config\Cache), false)
 9 FCPATH\index.php(79): CodeIgniter\CodeIgniter->run()
10 SYSTEMPATH\Commands\Server\rewrite.php(47): require_once('C:\\laragon\\www\\LAB_3\\ecommerce\\CI\\public\\index.php')
CRITICAL - 2023-09-28 11:07:11 --> Undefined variable $product
in APPPATH\Views\table_data.php on line 303.
 1 APPPATH\Views\table_data.php(303): CodeIgniter\Debug\Exceptions->errorHandler(2, 'Undefined variable $product', 'C:\\laragon\\www\\LAB_3\\ecommerce\\CI\\app\\Views\\table_data.php', 303)
 2 SYSTEMPATH\View\View.php(226): include('C:\\laragon\\www\\LAB_3\\ecommerce\\CI\\app\\Views\\table_data.php')
 3 SYSTEMPATH\View\View.php(229): CodeIgniter\View\View->CodeIgniter\View\{closure}()
 4 SYSTEMPATH\Common.php(1188): CodeIgniter\View\View->render('table_data', [], true)
 5 APPPATH\Controllers\AdminController.php(12): view('table_data')
 6 SYSTEMPATH\CodeIgniter.php(919): App\Controllers\AdminController->table_data()
 7 SYSTEMPATH\CodeIgniter.php(494): CodeIgniter\CodeIgniter->runController(Object(App\Controllers\AdminController))
 8 SYSTEMPATH\CodeIgniter.php(353): CodeIgniter\CodeIgniter->handleRequest(null, Object(Config\Cache), false)
 9 FCPATH\index.php(79): CodeIgniter\CodeIgniter->run()
10 SYSTEMPATH\Commands\Server\rewrite.php(47): require_once('C:\\laragon\\www\\LAB_3\\ecommerce\\CI\\public\\index.php')
CRITICAL - 2023-09-28 11:09:27 --> Undefined variable $product
in APPPATH\Views\table_data.php on line 303.
 1 APPPATH\Views\table_data.php(303): CodeIgniter\Debug\Exceptions->errorHandler(2, 'Undefined variable $product', 'C:\\laragon\\www\\LAB_3\\ecommerce\\CI\\app\\Views\\table_data.php', 303)
 2 SYSTEMPATH\View\View.php(226): include('C:\\laragon\\www\\LAB_3\\ecommerce\\CI\\app\\Views\\table_data.php')
 3 SYSTEMPATH\View\View.php(229): CodeIgniter\View\View->CodeIgniter\View\{closure}()
 4 SYSTEMPATH\Common.php(1188): CodeIgniter\View\View->render('table_data', [], true)
 5 APPPATH\Controllers\AdminController.php(12): view('table_data')
 6 SYSTEMPATH\CodeIgniter.php(919): App\Controllers\AdminController->table_data()
 7 SYSTEMPATH\CodeIgniter.php(494): CodeIgniter\CodeIgniter->runController(Object(App\Controllers\AdminController))
 8 SYSTEMPATH\CodeIgniter.php(353): CodeIgniter\CodeIgniter->handleRequest(null, Object(Config\Cache), false)
 9 FCPATH\index.php(79): CodeIgniter\CodeIgniter->run()
10 SYSTEMPATH\Commands\Server\rewrite.php(47): require_once('C:\\laragon\\www\\LAB_3\\ecommerce\\CI\\public\\index.php')
CRITICAL - 2023-09-28 11:10:05 --> Undefined variable $product
in APPPATH\Views\table_data.php on line 303.
 1 APPPATH\Views\table_data.php(303): CodeIgniter\Debug\Exceptions->errorHandler(2, 'Undefined variable $product', 'C:\\laragon\\www\\LAB_3\\ecommerce\\CI\\app\\Views\\table_data.php', 303)
 2 SYSTEMPATH\View\View.php(226): include('C:\\laragon\\www\\LAB_3\\ecommerce\\CI\\app\\Views\\table_data.php')
 3 SYSTEMPATH\View\View.php(229): CodeIgniter\View\View->CodeIgniter\View\{closure}()
 4 SYSTEMPATH\Common.php(1188): CodeIgniter\View\View->render('table_data', [], true)
 5 APPPATH\Controllers\AdminController.php(12): view('table_data')
 6 SYSTEMPATH\CodeIgniter.php(919): App\Controllers\AdminController->table_data()
 7 SYSTEMPATH\CodeIgniter.php(494): CodeIgniter\CodeIgniter->runController(Object(App\Controllers\AdminController))
 8 SYSTEMPATH\CodeIgniter.php(353): CodeIgniter\CodeIgniter->handleRequest(null, Object(Config\Cache), false)
 9 FCPATH\index.php(79): CodeIgniter\CodeIgniter->run()
10 SYSTEMPATH\Commands\Server\rewrite.php(47): require_once('C:\\laragon\\www\\LAB_3\\ecommerce\\CI\\public\\index.php')
CRITICAL - 2023-09-28 11:11:00 --> Undefined variable $p
in APPPATH\Views\table_data.php on line 305.
 1 APPPATH\Views\table_data.php(305): CodeIgniter\Debug\Exceptions->errorHandler(2, 'Undefined variable $p', 'C:\\laragon\\www\\LAB_3\\ecommerce\\CI\\app\\Views\\table_data.php', 305)
 2 SYSTEMPATH\View\View.php(226): include('C:\\laragon\\www\\LAB_3\\ecommerce\\CI\\app\\Views\\table_data.php')
 3 SYSTEMPATH\View\View.php(229): CodeIgniter\View\View->CodeIgniter\View\{closure}()
 4 SYSTEMPATH\Common.php(1188): CodeIgniter\View\View->render('table_data', [], true)
 5 APPPATH\Controllers\AdminController.php(12): view('table_data')
 6 SYSTEMPATH\CodeIgniter.php(919): App\Controllers\AdminController->table_data()
 7 SYSTEMPATH\CodeIgniter.php(494): CodeIgniter\CodeIgniter->runController(Object(App\Controllers\AdminController))
 8 SYSTEMPATH\CodeIgniter.php(353): CodeIgniter\CodeIgniter->handleRequest(null, Object(Config\Cache), false)
 9 FCPATH\index.php(79): CodeIgniter\CodeIgniter->run()
10 SYSTEMPATH\Commands\Server\rewrite.php(47): require_once('C:\\laragon\\www\\LAB_3\\ecommerce\\CI\\public\\index.php')
CRITICAL - 2023-09-28 11:13:45 --> Undefined variable $market
in APPPATH\Views\table_data.php on line 300.
 1 APPPATH\Views\table_data.php(300): CodeIgniter\Debug\Exceptions->errorHandler(2, 'Undefined variable $market', 'C:\\laragon\\www\\LAB_3\\ecommerce\\CI\\app\\Views\\table_data.php', 300)
 2 SYSTEMPATH\View\View.php(226): include('C:\\laragon\\www\\LAB_3\\ecommerce\\CI\\app\\Views\\table_data.php')
 3 SYSTEMPATH\View\View.php(229): CodeIgniter\View\View->CodeIgniter\View\{closure}()
 4 SYSTEMPATH\Common.php(1188): CodeIgniter\View\View->render('table_data', [], true)
 5 APPPATH\Controllers\AdminController.php(12): view('table_data')
 6 SYSTEMPATH\CodeIgniter.php(919): App\Controllers\AdminController->table_data()
 7 SYSTEMPATH\CodeIgniter.php(494): CodeIgniter\CodeIgniter->runController(Object(App\Controllers\AdminController))
 8 SYSTEMPATH\CodeIgniter.php(353): CodeIgniter\CodeIgniter->handleRequest(null, Object(Config\Cache), false)
 9 FCPATH\index.php(79): CodeIgniter\CodeIgniter->run()
10 SYSTEMPATH\Commands\Server\rewrite.php(47): require_once('C:\\laragon\\www\\LAB_3\\ecommerce\\CI\\public\\index.php')
CRITICAL - 2023-09-28 15:50:38 --> Invalid file: "page_forget.php"
in SYSTEMPATH\Exceptions\FrameworkException.php on line 39.
 1 SYSTEMPATH\View\View.php(214): CodeIgniter\Exceptions\FrameworkException::forInvalidFile('page_forget.php')
 2 SYSTEMPATH\Common.php(1188): CodeIgniter\View\View->render('page_forget', [], true)
 3 APPPATH\Controllers\AdminController.php(40): view('page_forget')
 4 SYSTEMPATH\CodeIgniter.php(919): App\Controllers\AdminController->page_forget()
 5 SYSTEMPATH\CodeIgniter.php(494): CodeIgniter\CodeIgniter->runController(Object(App\Controllers\AdminController))
 6 SYSTEMPATH\CodeIgniter.php(353): CodeIgniter\CodeIgniter->handleRequest(null, Object(Config\Cache), false)
 7 FCPATH\index.php(79): CodeIgniter\CodeIgniter->run()
 8 SYSTEMPATH\Commands\Server\rewrite.php(47): require_once('C:\\laragon\\www\\LAB_3\\ecommerce\\CI\\public\\index.php')
